<?xml version="1.0" encoding="UTF-8"?>
<!-- Generated by org.testng.reporters.JUnitReportReporter -->
<testsuite skipped="0" hostname="IN2070121W2" name="com.crm.qa.testcases.ContactsPageTest" tests="5" failures="0" timestamp="25 Jun 2018 10:44:18 GMT" time="192.861" errors="0">
  <testcase name="verifyContactsPageLabel" time="42.093" classname="com.crm.qa.testcases.ContactsPageTest"/>
  <testcase name="selectContactTest" time="36.158" classname="com.crm.qa.testcases.ContactsPageTest"/>
  <testcase name="validateCreateNewContact" time="31.772" classname="com.crm.qa.testcases.ContactsPageTest"/>
  <testcase name="validateCreateNewContact" time="35.173" classname="com.crm.qa.testcases.ContactsPageTest"/>
  <testcase name="validateCreateNewContact" time="47.665" classname="com.crm.qa.testcases.ContactsPageTest"/>
</testsuite> <!-- com.crm.qa.testcases.ContactsPageTest -->
