<?xml version="1.0" encoding="UTF-8"?>
<!-- Generated by org.testng.reporters.JUnitReportReporter -->
<testsuite skipped="0" hostname="IN2070121W2" name="com.crm.qa.testcases.HomePageTest" tests="3" failures="0" timestamp="25 Jun 2018 10:44:18 GMT" time="115.566" errors="0">
  <testcase name="verifyHomePageTitle" time="59.587" classname="com.crm.qa.testcases.HomePageTest"/>
  <testcase name="verifyUserNameLable" time="26.351" classname="com.crm.qa.testcases.HomePageTest"/>
  <testcase name="verifyContactsLink" time="29.628" classname="com.crm.qa.testcases.HomePageTest"/>
</testsuite> <!-- com.crm.qa.testcases.HomePageTest -->
